<?xml version="1.0" encoding="UTF-8"?>
<!-- Generated by org.testng.reporters.JUnitXMLReporter -->
<testsuite ignored="0" hostname="admin-PC" failures="0" tests="3" name="Test" time="32.285" errors="0" timestamp="14 Feb 2021 12:43:21 GMT">
  <testcase classname="com.atuomation.testcase.LoginPageTest" name="LoginTOApplication" time="5.71"/>
  <testcase classname="com.atuomation.testcase.HomePageTest" name="perfromSearchItem" time="16.036"/>
  <testcase classname="com.atuomation.testcase.PaymentPageTest" name="perfromPayment" time="6.205"/>
</testsuite> <!-- Test -->
